{"logTime": "0620/130021", "correlationVector":"2y6MoTVD8Z0ZJIhqNJ/ylV.4","action":"GetUpdates Response", "result":"Success", "context":Received 1 update(s). cV=2y6MoTVD8Z0ZJIhqNJ/ylV.0;server=GENERAL0100000F;cloudType=Multitenant;environment=Prod_WestEurope_x00e;migrationStage=NotStarted}
{"logTime": "0620/130021", "correlationVector":"lmY50U0uKw6dCoCQBNksIB","action":"Initial GetUpdates", "result":"", "context":Reason: NEWLY_SUPPORTED_DATATYPE. cV=lmY50U0uKw6dCoCQBNksIB}
{"logTime": "0620/130021", "correlationVector":"lmY50U0uKw6dCoCQBNksIB.1","action":"SyncServerConnectionManagerRequest", "result":"SYNC_SERVER_OK", "context":{"environment":"Prod_WestEurope_x00e", "migrationStage":"NotStarted", "server":"GENERAL0100001V"}}
{"logTime": "0620/130021", "correlationVector":"lmY50U0uKw6dCoCQBNksIB.2","action":"GetUpdates", "result":"DeleteReceived", "context":{"id":"06dd0a45-5a84-479f-b23f-d62e278e0631", "isDeleted:":"true", "version":"1695216502996"}}
{"logTime": "0620/130021", "correlationVector":"lmY50U0uKw6dCoCQBNksIB.3","action":"GetUpdates Response", "result":"Success", "context":Received 5 update(s). cV=lmY50U0uKw6dCoCQBNksIB.0;server=GENERAL0100001V;cloudType=Multitenant;environment=Prod_WestEurope_x00e;migrationStage=NotStarted}
{"logTime": "0620/130021", "correlationVector":"vGfRmna+Gr26oOLLFJKLtV","action":"Initial GetUpdates", "result":"", "context":Reason: NEWLY_SUPPORTED_DATATYPE. cV=vGfRmna+Gr26oOLLFJKLtV}
{"logTime": "0620/130021", "correlationVector":"vGfRmna+Gr26oOLLFJKLtV.1","action":"SyncServerConnectionManagerRequest", "result":"SYNC_SERVER_OK", "context":{"environment":"Prod_NorthEurope_x00f", "migrationStage":"NotStarted", "server":"GENERAL01000028"}}
{"logTime": "0620/130021", "correlationVector":"vGfRmna+Gr26oOLLFJKLtV.2","action":"GetUpdates Response", "result":"Success", "context":Received 0 update(s). cV=vGfRmna+Gr26oOLLFJKLtV.0;server=GENERAL01000028;cloudType=Multitenant;environment=Prod_NorthEurope_x00f;migrationStage=NotStarted}
{"logTime": "0620/130021", "correlationVector":"vfkbsxICIo2ZTM2F6Oj8DV","action":"Normal GetUpdate request", "result":"", "context":cV=vfkbsxICIo2ZTM2F6Oj8DV
Nudged types: Preferences, Sessions
Refresh requested types: Bookmarks, Preferences, Passwords, Autofill Profiles, Autofill, Typed URLs, Extensions, Sessions, Extension settings, History Delete Directives, Device Info, User Consents, Send Tab To Self, Web Apps, Collection, Edge E Drop, Edge Hub App Usage, Edge Tab Group, Edge Wallet, Encryption Keys}
{"logTime": "0620/130021", "correlationVector":"vfkbsxICIo2ZTM2F6Oj8DV.1","action":"SyncServerConnectionManagerRequest", "result":"SYNC_SERVER_OK", "context":{"environment":"Prod_NorthEurope_x00f", "migrationStage":"NotStarted", "server":"GENERAL0100001C"}}
{"logTime": "0620/130021", "correlationVector":"vfkbsxICIo2ZTM2F6Oj8DV.2","action":"GetUpdates Response", "result":"Success", "context":Received 1 update(s). cV=vfkbsxICIo2ZTM2F6Oj8DV.0;server=GENERAL0100001C;cloudType=Multitenant;environment=Prod_NorthEurope_x00f;migrationStage=NotStarted}
{"logTime": "0620/130021", "correlationVector":"FkpYngPYjEOC74+yaxv7gG","action":"Commit Request", "result":"", "context":Item count: 4
Contributing types: Preferences, Sessions}
{"logTime": "0620/130022", "correlationVector":"FkpYngPYjEOC74+yaxv7gG.1","action":"SyncServerConnectionManagerRequest", "result":"SYNC_SERVER_OK", "context":{"environment":"Prod_NorthEurope_x00f", "migrationStage":"NotStarted", "server":"GENERAL0100001B"}}
{"logTime": "0620/130022", "correlationVector":"FkpYngPYjEOC74+yaxv7gG.3","action":"Commit.Sessions", "result":"Success", "context":{"id":"3bc63c20-32f0-4952-a6c2-de5251d166aa", "isDeleted":"true", "size":"0", "version":"1718888287476"}}
{"logTime": "0620/130022", "correlationVector":"FkpYngPYjEOC74+yaxv7gG.2","action":"Commit Response", "result":"Success", "context":Result: Success. cV=FkpYngPYjEOC74+yaxv7gG.0;server=GENERAL0100001B;cloudType=Multitenant;environment=Prod_NorthEurope_x00f;migrationStage=NotStarted}
{"logTime": "0620/130024", "correlationVector":"F+VfKz2PXFGPLiRZXfMYJz","action":"Normal GetUpdate request", "result":"", "context":cV=F+VfKz2PXFGPLiRZXfMYJz
Nudged types: Preferences, Sessions}
{"logTime": "0620/130024", "correlationVector":"F+VfKz2PXFGPLiRZXfMYJz.1","action":"SyncServerConnectionManagerRequest", "result":"SYNC_SERVER_OK", "context":{"environment":"Prod_NorthEurope_x00f", "migrationStage":"NotStarted", "server":"GENERAL0100000Y"}}
{"logTime": "0620/130024", "correlationVector":"F+VfKz2PXFGPLiRZXfMYJz.2","action":"GetUpdates", "result":"DeleteReceived", "context":{"id":"3bc63c20-32f0-4952-a6c2-de5251d166aa", "isDeleted:":"true", "version":"1718888421726"}}
{"logTime": "0620/130024", "correlationVector":"F+VfKz2PXFGPLiRZXfMYJz.3","action":"GetUpdates Response", "result":"Success", "context":Received 4 update(s). cV=F+VfKz2PXFGPLiRZXfMYJz.0;server=GENERAL0100000Y;cloudType=Multitenant;environment=Prod_NorthEurope_x00f;migrationStage=NotStarted}
{"logTime": "0620/130024", "correlationVector":"19d1hjfZz/7RBqdwl+Oe3H","action":"Commit Request", "result":"", "context":Item count: 1
Contributing types: Sessions}
{"logTime": "0620/130024", "correlationVector":"19d1hjfZz/7RBqdwl+Oe3H.1","action":"SyncServerConnectionManagerRequest", "result":"SYNC_SERVER_OK", "context":{"environment":"Prod_NorthEurope_x00f", "migrationStage":"NotStarted", "server":"GENERAL0100001V"}}
{"logTime": "0620/130024", "correlationVector":"19d1hjfZz/7RBqdwl+Oe3H.2","action":"Commit Response", "result":"Success", "context":Result: Success. cV=19d1hjfZz/7RBqdwl+Oe3H.0;server=GENERAL0100001V;cloudType=Multitenant;environment=Prod_NorthEurope_x00f;migrationStage=NotStarted}
{"logTime": "0620/130146", "correlationVector":"l+pVAXTwBMIFGZ0+DdvBGE","action":"Commit Request", "result":"", "context":Item count: 1
Contributing types: Sessions}
{"logTime": "0620/130146", "correlationVector":"l+pVAXTwBMIFGZ0+DdvBGE.1","action":"SyncServerConnectionManagerRequest", "result":"SYNC_SERVER_OK", "context":{"environment":"Prod_NorthEurope_x00f", "migrationStage":"NotStarted", "server":"GENERAL02000048"}}
{"logTime": "0620/130146", "correlationVector":"l+pVAXTwBMIFGZ0+DdvBGE.2","action":"Commit Response", "result":"Success", "context":Result: Success. cV=l+pVAXTwBMIFGZ0+DdvBGE.0;server=GENERAL02000048;cloudType=Multitenant;environment=Prod_NorthEurope_x00f;migrationStage=NotStarted}
{"logTime": "0620/130343", "correlationVector":"uKu5nQlm3xmJ6Xb8kkM/g9","action":"Commit Request", "result":"", "context":Item count: 1
Contributing types: Sessions}
{"logTime": "0620/130343", "correlationVector":"uKu5nQlm3xmJ6Xb8kkM/g9.1","action":"SyncServerConnectionManagerRequest", "result":"SYNC_SERVER_OK", "context":{"environment":"Prod_WestEurope_000l", "migrationStage":"NotStarted", "server":"GENERAL0300003V"}}
{"logTime": "0620/130343", "correlationVector":"uKu5nQlm3xmJ6Xb8kkM/g9.2","action":"Commit Response", "result":"Success", "context":Result: Success. cV=uKu5nQlm3xmJ6Xb8kkM/g9.0;server=GENERAL0300003V;cloudType=Multitenant;environment=Prod_WestEurope_000l;migrationStage=NotStarted}
{"logTime": "0620/130453", "correlationVector":"bncKJdGMUB0mO5hh7a4is3","action":"Normal GetUpdate request", "result":"", "context":cV=bncKJdGMUB0mO5hh7a4is3
Refresh requested types: Bookmarks, Preferences, Passwords, Autofill Profiles, Autofill, Typed URLs, Extensions, Sessions, Extension settings, History Delete Directives, Device Info, User Consents, Send Tab To Self, Web Apps, Collection, Edge E Drop, Edge Hub App Usage, Edge Tab Group, Edge Wallet, Encryption Keys}
{"logTime": "0620/130454", "correlationVector":"bncKJdGMUB0mO5hh7a4is3.1","action":"SyncServerConnectionManagerRequest", "result":"SYNC_SERVER_OK", "context":{"environment":"Prod_WestEurope_x00e", "migrationStage":"NotStarted", "server":"GENERAL01000027"}}
{"logTime": "0620/130454", "correlationVector":"bncKJdGMUB0mO5hh7a4is3.2","action":"GetUpdates Response", "result":"Success", "context":Received 1 update(s). cV=bncKJdGMUB0mO5hh7a4is3.0;server=GENERAL01000027;cloudType=Multitenant;environment=Prod_WestEurope_x00e;migrationStage=NotStarted}
{"logTime": "0620/130621", "correlationVector":"YdV9HpXATHO6h7wlupMzyK","action":"Commit Request", "result":"", "context":Item count: 1
Contributing types: Sessions}
{"logTime": "0620/130621", "correlationVector":"YdV9HpXATHO6h7wlupMzyK.1","action":"SyncServerConnectionManagerRequest", "result":"SYNC_SERVER_OK", "context":{"environment":"Prod_NorthEurope_000h", "migrationStage":"NotStarted", "server":"GENERAL01000027"}}
{"logTime": "0620/130621", "correlationVector":"YdV9HpXATHO6h7wlupMzyK.2","action":"Commit Response", "result":"Success", "context":Result: Success. cV=YdV9HpXATHO6h7wlupMzyK.0;server=GENERAL01000027;cloudType=Multitenant;environment=Prod_NorthEurope_000h;migrationStage=NotStarted}
{"logTime": "0621/090431", "correlationVector":"v14300V5JHJ6sbvPPPSGYD.1","action":"SyncServerConnectionManagerRequest", "result":"SYNC_SERVER_OK", "context":{"environment":"Prod_NorthEurope_000h", "migrationStage":"NotStarted", "server":"GENERAL0100001L"}}
{"logTime": "0621/090431", "correlationVector":"v14300V5JHJ6sbvPPPSGYD.2","action":"AAD.Mip.Unpack", "result":"Success", "context":MIP_CLOUD_COMMERCIAL:Success}
{"logTime": "0621/090431", "correlationVector":"v14300V5JHJ6sbvPPPSGYD.3","action":"AAD.GetKeyResponse", "result":"Success", "context":Keys=2.LastKeyStatus=Normal. 2024-02-28 10:21:25 Z.State=None. Tags: Current_encryption_keys_tag = 77+9ck7vv73vv70777+9X++/ve+/ve+/vUsX77+9V++/ve+/vWjvv70NOu+/vVwgyLkVae+/vTs777+9, Updated_current_encryption_keys_tag = Empty}
{"logTime": "0621/090431", "correlationVector":"v14300V5JHJ6sbvPPPSGYD","action":"Initial GetUpdates", "result":"", "context":Reason: NEW_CLIENT. cV=v14300V5JHJ6sbvPPPSGYD}
{"logTime": "0621/090431", "correlationVector":"v14300V5JHJ6sbvPPPSGYD.4","action":"GetUpdates Response", "result":"Success", "context":Received 1 update(s). cV=v14300V5JHJ6sbvPPPSGYD.0;server=GENERAL0100001L;cloudType=Multitenant;environment=Prod_NorthEurope_000h;migrationStage=NotStarted}
{"logTime": "0621/090431", "correlationVector":"xpIOXpu+YqOjtLxwfcdoZY","action":"Initial GetUpdates", "result":"", "context":Reason: NEWLY_SUPPORTED_DATATYPE. cV=xpIOXpu+YqOjtLxwfcdoZY}
{"logTime": "0621/090431", "correlationVector":"xpIOXpu+YqOjtLxwfcdoZY.1","action":"SyncServerConnectionManagerRequest", "result":"SYNC_SERVER_OK", "context":{"environment":"Prod_WestEurope_000l", "migrationStage":"NotStarted", "server":"GENERAL0300000A"}}
{"logTime": "0621/090432", "correlationVector":"xpIOXpu+YqOjtLxwfcdoZY.2","action":"GetUpdates", "result":"DeleteReceived", "context":{"id":"06dd0a45-5a84-479f-b23f-d62e278e0631", "isDeleted:":"true", "version":"1695216502996"}}
{"logTime": "0621/090432", "correlationVector":"xpIOXpu+YqOjtLxwfcdoZY.3","action":"GetUpdates Response", "result":"Success", "context":Received 5 update(s). cV=xpIOXpu+YqOjtLxwfcdoZY.0;server=GENERAL0300000A;cloudType=Multitenant;environment=Prod_WestEurope_000l;migrationStage=NotStarted}
{"logTime": "0621/090432", "correlationVector":"l3E7PdywGizG/mymusLgoW","action":"Initial GetUpdates", "result":"", "context":Reason: NEWLY_SUPPORTED_DATATYPE. cV=l3E7PdywGizG/mymusLgoW}
{"logTime": "0621/090432", "correlationVector":"l3E7PdywGizG/mymusLgoW.1","action":"SyncServerConnectionManagerRequest", "result":"SYNC_SERVER_OK", "context":{"environment":"Prod_WestEurope_000l", "migrationStage":"NotStarted", "server":"GENERAL01000007"}}
{"logTime": "0621/090432", "correlationVector":"l3E7PdywGizG/mymusLgoW.2","action":"GetUpdates Response", "result":"Success", "context":Received 0 update(s). cV=l3E7PdywGizG/mymusLgoW.0;server=GENERAL01000007;cloudType=Multitenant;environment=Prod_WestEurope_000l;migrationStage=NotStarted}
{"logTime": "0621/090432", "correlationVector":"NTnZPjgiJLb9eBxjQmiOE7","action":"Normal GetUpdate request", "result":"", "context":cV=NTnZPjgiJLb9eBxjQmiOE7
Nudged types: Preferences, Sessions, Device Info
Refresh requested types: Bookmarks, Preferences, Passwords, Autofill Profiles, Autofill, Typed URLs, Extensions, Sessions, Extension settings, History Delete Directives, Device Info, User Consents, Send Tab To Self, Web Apps, Collection, Edge E Drop, Edge Hub App Usage, Edge Tab Group, Edge Wallet, Encryption Keys}
{"logTime": "0621/090432", "correlationVector":"NTnZPjgiJLb9eBxjQmiOE7.1","action":"SyncServerConnectionManagerRequest", "result":"SYNC_SERVER_OK", "context":{"environment":"Prod_WestEurope_000l", "migrationStage":"NotStarted", "server":"GENERAL01000021"}}
{"logTime": "0621/090432", "correlationVector":"NTnZPjgiJLb9eBxjQmiOE7.2","action":"GetUpdates Response", "result":"Success", "context":Received 1 update(s). cV=NTnZPjgiJLb9eBxjQmiOE7.0;server=GENERAL01000021;cloudType=Multitenant;environment=Prod_WestEurope_000l;migrationStage=NotStarted}
{"logTime": "0621/090432", "correlationVector":"u/zHN8VL3tAeMvxdVrF69y","action":"Commit Request", "result":"", "context":Item count: 4
Contributing types: Sessions, Device Info}
{"logTime": "0621/090432", "correlationVector":"u/zHN8VL3tAeMvxdVrF69y.1","action":"SyncServerConnectionManagerRequest", "result":"SYNC_SERVER_OK", "context":{"environment":"Prod_WestEurope_000l", "migrationStage":"NotStarted", "server":"GENERAL0300000Q"}}
{"logTime": "0621/090432", "correlationVector":"u/zHN8VL3tAeMvxdVrF69y.2","action":"Commit Response", "result":"Success", "context":Result: Success. cV=u/zHN8VL3tAeMvxdVrF69y.0;server=GENERAL0300000Q;cloudType=Multitenant;environment=Prod_WestEurope_000l;migrationStage=NotStarted}
{"logTime": "0621/090432", "correlationVector":"u/zHN8VL3tAeMvxdVrF69y.3","action":"Commit.Sessions", "result":"Success", "context":{"id":"87b731fb-adf0-4470-97e9-6942fb26806b", "isDeleted":"true", "size":"0", "version":"1718888998372"}}
{"logTime": "0621/090432", "correlationVector":"Nk4A80Nis4pmg4xN3QVRCP","action":"Normal GetUpdate request", "result":"", "context":cV=Nk4A80Nis4pmg4xN3QVRCP
Nudged types: Sessions, Device Info}
{"logTime": "0621/090432", "correlationVector":"Nk4A80Nis4pmg4xN3QVRCP.1","action":"SyncServerConnectionManagerRequest", "result":"SYNC_SERVER_OK", "context":{"environment":"Prod_WestEurope_000l", "migrationStage":"NotStarted", "server":"GENERAL01000017"}}
{"logTime": "0621/090432", "correlationVector":"Nk4A80Nis4pmg4xN3QVRCP.2","action":"GetUpdates", "result":"DeleteReceived", "context":{"id":"87b731fb-adf0-4470-97e9-6942fb26806b", "isDeleted:":"true", "version":"1718960670687"}}
{"logTime": "0621/090432", "correlationVector":"Nk4A80Nis4pmg4xN3QVRCP.3","action":"GetUpdates Response", "result":"Success", "context":Received 4 update(s). cV=Nk4A80Nis4pmg4xN3QVRCP.0;server=GENERAL01000017;cloudType=Multitenant;environment=Prod_WestEurope_000l;migrationStage=NotStarted}
{"logTime": "0621/090432", "correlationVector":"QX4+FwCEUr7JRjadgq9Opr","action":"Poll GetUpdate request", "result":"", "context":cV=QX4+FwCEUr7JRjadgq9Opr}
{"logTime": "0621/090432", "correlationVector":"QX4+FwCEUr7JRjadgq9Opr.1","action":"SyncServerConnectionManagerRequest", "result":"SYNC_SERVER_OK", "context":{"environment":"Prod_WestEurope_000l", "migrationStage":"NotStarted", "server":"GENERAL0100000R"}}
{"logTime": "0621/090432", "correlationVector":"QX4+FwCEUr7JRjadgq9Opr.2","action":"GetUpdates Response", "result":"Success", "context":Received 0 update(s). cV=QX4+FwCEUr7JRjadgq9Opr.0;server=GENERAL0100000R;cloudType=Multitenant;environment=Prod_WestEurope_000l;migrationStage=NotStarted}
{"logTime": "0621/090437", "correlationVector":"884kNXlDNuaF6k5aIFiaEH","action":"Commit Request", "result":"", "context":Item count: 1
Contributing types: Preferences}
{"logTime": "0621/090438", "correlationVector":"884kNXlDNuaF6k5aIFiaEH.1","action":"SyncServerConnectionManagerRequest", "result":"SYNC_SERVER_OK", "context":{"environment":"Prod_NorthEurope_000h", "migrationStage":"NotStarted", "server":"GENERAL01000011"}}
{"logTime": "0621/090438", "correlationVector":"884kNXlDNuaF6k5aIFiaEH.2","action":"Commit Response", "result":"Success", "context":Result: Success. cV=884kNXlDNuaF6k5aIFiaEH.0;server=GENERAL01000011;cloudType=Multitenant;environment=Prod_NorthEurope_000h;migrationStage=NotStarted}
{"logTime": "0621/090508", "correlationVector":"sSMp/ppAZUKfYraJBEwRIz","action":"Commit Request", "result":"", "context":Item count: 1
Contributing types: Sessions}
{"logTime": "0621/090508", "correlationVector":"sSMp/ppAZUKfYraJBEwRIz.1","action":"SyncServerConnectionManagerRequest", "result":"SYNC_SERVER_OK", "context":{"environment":"Prod_NorthEurope_x00f", "migrationStage":"NotStarted", "server":"GENERAL0200004Q"}}
{"logTime": "0621/090508", "correlationVector":"sSMp/ppAZUKfYraJBEwRIz.2","action":"Commit Response", "result":"Success", "context":Result: Success. cV=sSMp/ppAZUKfYraJBEwRIz.0;server=GENERAL0200004Q;cloudType=Multitenant;environment=Prod_NorthEurope_x00f;migrationStage=NotStarted}
{"logTime": "0621/090922", "correlationVector":"2dA0bpc3oSaGH4+bG3O1Cs","action":"Normal GetUpdate request", "result":"", "context":cV=2dA0bpc3oSaGH4+bG3O1Cs
Refresh requested types: Bookmarks, Preferences, Passwords, Autofill Profiles, Autofill, Typed URLs, Extensions, Sessions, Extension settings, History Delete Directives, Device Info, User Consents, Send Tab To Self, Web Apps, Collection, Edge E Drop, Edge Hub App Usage, Edge Tab Group, Edge Wallet, Encryption Keys}
{"logTime": "0621/090922", "correlationVector":"2dA0bpc3oSaGH4+bG3O1Cs.1","action":"SyncServerConnectionManagerRequest", "result":"SYNC_SERVER_OK", "context":{"environment":"Prod_WestEurope_x00e", "migrationStage":"NotStarted", "server":"GENERAL0100001Q"}}
{"logTime": "0621/090922", "correlationVector":"2dA0bpc3oSaGH4+bG3O1Cs.2","action":"GetUpdates Response", "result":"Success", "context":Received 2 update(s). cV=2dA0bpc3oSaGH4+bG3O1Cs.0;server=GENERAL0100001Q;cloudType=Multitenant;environment=Prod_WestEurope_x00e;migrationStage=NotStarted}
{"logTime": "0621/091852", "correlationVector":"olqs1MWE3IYwZYS6OUnjDh.1","action":"SyncServerConnectionManagerRequest", "result":"SYNC_SERVER_OK", "context":{"environment":"Prod_WestEurope_000l", "migrationStage":"NotStarted", "server":"GENERAL0100000Y"}}
{"logTime": "0621/091852", "correlationVector":"olqs1MWE3IYwZYS6OUnjDh.2","action":"AAD.Mip.Unpack", "result":"Success", "context":MIP_CLOUD_COMMERCIAL:Success}
{"logTime": "0621/091852", "correlationVector":"olqs1MWE3IYwZYS6OUnjDh.3","action":"AAD.GetKeyResponse", "result":"Success", "context":Keys=2.LastKeyStatus=Normal. 2024-02-28 10:21:25 Z.State=None. Tags: Current_encryption_keys_tag = 77+9ck7vv73vv70777+9X++/ve+/ve+/vUsX77+9V++/ve+/vWjvv70NOu+/vVwgyLkVae+/vTs777+9, Updated_current_encryption_keys_tag = Empty}
{"logTime": "0621/091852", "correlationVector":"olqs1MWE3IYwZYS6OUnjDh","action":"Initial GetUpdates", "result":"", "context":Reason: NEW_CLIENT. cV=olqs1MWE3IYwZYS6OUnjDh}
{"logTime": "0621/091852", "correlationVector":"olqs1MWE3IYwZYS6OUnjDh.4","action":"GetUpdates Response", "result":"Success", "context":Received 1 update(s). cV=olqs1MWE3IYwZYS6OUnjDh.0;server=GENERAL0100000Y;cloudType=Multitenant;environment=Prod_WestEurope_000l;migrationStage=NotStarted}
{"logTime": "0621/091852", "correlationVector":"ZfXfm26nzAhOKpOElLnzhv","action":"Initial GetUpdates", "result":"", "context":Reason: NEWLY_SUPPORTED_DATATYPE. cV=ZfXfm26nzAhOKpOElLnzhv}
{"logTime": "0621/091852", "correlationVector":"ZfXfm26nzAhOKpOElLnzhv.1","action":"SyncServerConnectionManagerRequest", "result":"SYNC_SERVER_OK", "context":{"environment":"Prod_NorthEurope_000h", "migrationStage":"NotStarted", "server":"general0100000U"}}
{"logTime": "0621/091852", "correlationVector":"ZfXfm26nzAhOKpOElLnzhv.2","action":"GetUpdates", "result":"DeleteReceived", "context":{"id":"06dd0a45-5a84-479f-b23f-d62e278e0631", "isDeleted:":"true", "version":"1695216502996"}}
{"logTime": "0621/091852", "correlationVector":"ZfXfm26nzAhOKpOElLnzhv.3","action":"GetUpdates Response", "result":"Success", "context":Received 5 update(s). cV=ZfXfm26nzAhOKpOElLnzhv.0;server=general0100000U;cloudType=Multitenant;environment=Prod_NorthEurope_000h;migrationStage=NotStarted}
{"logTime": "0621/091852", "correlationVector":"FgQtoyk8umu5+fBxZihLW5","action":"Normal GetUpdate request", "result":"", "context":cV=FgQtoyk8umu5+fBxZihLW5
Nudged types: Sessions
Refresh requested types: Bookmarks, Preferences, Passwords, Autofill Profiles, Autofill, Typed URLs, Extensions, Sessions, Extension settings, History Delete Directives, Device Info, User Consents, Send Tab To Self, Web Apps, Collection, Edge E Drop, Edge Hub App Usage, Edge Tab Group, Edge Wallet, Encryption Keys}
{"logTime": "0621/091852", "correlationVector":"FgQtoyk8umu5+fBxZihLW5.1","action":"SyncServerConnectionManagerRequest", "result":"SYNC_SERVER_OK", "context":{"environment":"Prod_NorthEurope_000h", "migrationStage":"NotStarted", "server":"GENERAL0100001S"}}
{"logTime": "0621/091852", "correlationVector":"FgQtoyk8umu5+fBxZihLW5.2","action":"GetUpdates Response", "result":"Success", "context":Received 0 update(s). cV=FgQtoyk8umu5+fBxZihLW5.0;server=GENERAL0100001S;cloudType=Multitenant;environment=Prod_NorthEurope_000h;migrationStage=NotStarted}
{"logTime": "0621/091852", "correlationVector":"4GhqSRF0sWsnyG+NVJj6xX","action":"Commit Request", "result":"", "context":Item count: 3
Contributing types: Sessions}
{"logTime": "0621/091852", "correlationVector":"4GhqSRF0sWsnyG+NVJj6xX.1","action":"SyncServerConnectionManagerRequest", "result":"SYNC_SERVER_OK", "context":{"environment":"Prod_NorthEurope_000h", "migrationStage":"NotStarted", "server":"GENERAL01000011"}}
{"logTime": "0621/091852", "correlationVector":"4GhqSRF0sWsnyG+NVJj6xX.2","action":"Commit Response", "result":"Success", "context":Result: Success. cV=4GhqSRF0sWsnyG+NVJj6xX.0;server=GENERAL01000011;cloudType=Multitenant;environment=Prod_NorthEurope_000h;migrationStage=NotStarted}
{"logTime": "0621/091914", "correlationVector":"NHlfjxpmzigeJRFdtaA2pI","action":"Normal GetUpdate request", "result":"", "context":cV=NHlfjxpmzigeJRFdtaA2pI
Nudged types: Sessions}
{"logTime": "0621/091914", "correlationVector":"NHlfjxpmzigeJRFdtaA2pI.1","action":"SyncServerConnectionManagerRequest", "result":"SYNC_SERVER_OK", "context":{"environment":"Prod_WestEurope_x00e", "migrationStage":"NotStarted", "server":"GENERAL01000007"}}
{"logTime": "0621/091914", "correlationVector":"NHlfjxpmzigeJRFdtaA2pI.2","action":"GetUpdates Response", "result":"Success", "context":Received 3 update(s). cV=NHlfjxpmzigeJRFdtaA2pI.0;server=GENERAL01000007;cloudType=Multitenant;environment=Prod_WestEurope_x00e;migrationStage=NotStarted}
{"logTime": "0621/091914", "correlationVector":"dInTfHjRdfsIoIPmvL9WJB","action":"Commit Request", "result":"", "context":Item count: 2
Contributing types: Sessions}
{"logTime": "0621/091914", "correlationVector":"dInTfHjRdfsIoIPmvL9WJB.1","action":"SyncServerConnectionManagerRequest", "result":"SYNC_SERVER_OK", "context":{"environment":"Prod_WestEurope_x00e", "migrationStage":"NotStarted", "server":"GENERAL01000015"}}
{"logTime": "0621/091914", "correlationVector":"dInTfHjRdfsIoIPmvL9WJB.2","action":"Commit Response", "result":"Success", "context":Result: Success. cV=dInTfHjRdfsIoIPmvL9WJB.0;server=GENERAL01000015;cloudType=Multitenant;environment=Prod_WestEurope_x00e;migrationStage=NotStarted}
{"logTime": "0621/091914", "correlationVector":"dInTfHjRdfsIoIPmvL9WJB.3","action":"Commit.Sessions", "result":"Success", "context":{"id":"7401a11c-7715-447f-9afb-4e7e81678a32", "isDeleted":"true", "size":"0", "version":"1718961523768"}}
{"logTime": "0621/091944", "correlationVector":"r301e0qST74Ar5K5XR+IuG","action":"Commit Request", "result":"", "context":Item count: 1
Contributing types: Sessions}
{"logTime": "0621/091945", "correlationVector":"r301e0qST74Ar5K5XR+IuG.1","action":"SyncServerConnectionManagerRequest", "result":"SYNC_SERVER_OK", "context":{"environment":"Prod_WestEurope_000l", "migrationStage":"NotStarted", "server":"GENERAL0100000N"}}
{"logTime": "0621/091945", "correlationVector":"r301e0qST74Ar5K5XR+IuG.2","action":"Commit Response", "result":"Success", "context":Result: Success. cV=r301e0qST74Ar5K5XR+IuG.0;server=GENERAL0100000N;cloudType=Multitenant;environment=Prod_WestEurope_000l;migrationStage=NotStarted}
{"logTime": "0621/092016", "correlationVector":"LimVk+ytCF8Cz9sOlSINWV","action":"Normal GetUpdate request", "result":"", "context":cV=LimVk+ytCF8Cz9sOlSINWV
Nudged types: Sessions}
{"logTime": "0621/092017", "correlationVector":"LimVk+ytCF8Cz9sOlSINWV.1","action":"SyncServerConnectionManagerRequest", "result":"SYNC_SERVER_OK", "context":{"environment":"Prod_WestEurope_000l", "migrationStage":"NotStarted", "server":"GENERAL0100001A"}}
{"logTime": "0621/092017", "correlationVector":"LimVk+ytCF8Cz9sOlSINWV.2","action":"GetUpdates", "result":"DeleteReceived", "context":{"id":"7401a11c-7715-447f-9afb-4e7e81678a32", "isDeleted:":"true", "version":"1718961554330"}}
{"logTime": "0621/092017", "correlationVector":"LimVk+ytCF8Cz9sOlSINWV.3","action":"GetUpdates Response", "result":"Success", "context":Received 2 update(s). cV=LimVk+ytCF8Cz9sOlSINWV.0;server=GENERAL0100001A;cloudType=Multitenant;environment=Prod_WestEurope_000l;migrationStage=NotStarted}
{"logTime": "0621/092017", "correlationVector":"k0RQM43ibbHm5h5ORTOxft","action":"Commit Request", "result":"", "context":Item count: 1
Contributing types: Sessions}
{"logTime": "0621/092017", "correlationVector":"k0RQM43ibbHm5h5ORTOxft.1","action":"SyncServerConnectionManagerRequest", "result":"SYNC_SERVER_OK", "context":{"environment":"Prod_WestEurope_000l", "migrationStage":"NotStarted", "server":"GENERAL0300000A"}}
{"logTime": "0621/092017", "correlationVector":"k0RQM43ibbHm5h5ORTOxft.2","action":"Commit Response", "result":"Success", "context":Result: Success. cV=k0RQM43ibbHm5h5ORTOxft.0;server=GENERAL0300000A;cloudType=Multitenant;environment=Prod_WestEurope_000l;migrationStage=NotStarted}
{"logTime": "0621/092047", "correlationVector":"FJPJ3TOnj42X7i5wpWPNmi","action":"Commit Request", "result":"", "context":Item count: 1
Contributing types: Sessions}
{"logTime": "0621/092101", "correlationVector":"FJPJ3TOnj42X7i5wpWPNmi","action":"SyncServerConnectionManagerRequest", "result":"CONNECTION_UNAVAILABLE", "context":{"error_type":"net_error_code", "error_value":"-21"}}
{"logTime": "0621/092101", "correlationVector":"i4IzzUYK+KCEovSFt9JVkB.0","action":"Commit Response", "result":"Network error (ERR_NETWORK_CHANGED)", "context":Result: Network error (ERR_NETWORK_CHANGED). }
{"logTime": "0621/092103", "correlationVector":"+PJ2pWk/OjLgw3Cz1D0aom","action":"Normal GetUpdate request", "result":"", "context":cV=+PJ2pWk/OjLgw3Cz1D0aom
Nudged types: Sessions}
{"logTime": "0621/092115", "correlationVector":"+PJ2pWk/OjLgw3Cz1D0aom","action":"SyncServerConnectionManagerRequest", "result":"CONNECTION_UNAVAILABLE", "context":{"error_type":"net_error_code", "error_value":"-105"}}
{"logTime": "0621/092115", "correlationVector":"kUm8PRNYjJIh/U4CTOTxaL.0","action":"GetUpdates Response", "result":"Network error (ERR_NAME_NOT_RESOLVED)", "context":Received error: Network error (ERR_NAME_NOT_RESOLVED). }
{"logTime": "0621/092146", "correlationVector":"Sag4+6RjfL29iOWmML2JXW","action":"Normal GetUpdate request", "result":"", "context":cV=Sag4+6RjfL29iOWmML2JXW
Nudged types: Sessions}
{"logTime": "0621/092146", "correlationVector":"Sag4+6RjfL29iOWmML2JXW","action":"SyncServerConnectionManagerRequest", "result":"CONNECTION_UNAVAILABLE", "context":{"error_type":"net_error_code", "error_value":"-106"}}
{"logTime": "0621/092146", "correlationVector":"0OtCiu9LP1qmGSLxRaCUGA.0","action":"GetUpdates Response", "result":"Network error (ERR_INTERNET_DISCONNECTED)", "context":Received error: Network error (ERR_INTERNET_DISCONNECTED). }
{"logTime": "0621/092327", "correlationVector":"tAx+slOHrXkaoVlufQGOMR","action":"Normal GetUpdate request", "result":"", "context":cV=tAx+slOHrXkaoVlufQGOMR
Nudged types: Sessions}
{"logTime": "0621/092328", "correlationVector":"tAx+slOHrXkaoVlufQGOMR","action":"SyncServerConnectionManagerRequest", "result":"CONNECTION_UNAVAILABLE", "context":{"error_type":"net_error_code", "error_value":"-106"}}
{"logTime": "0621/092328", "correlationVector":"qD+CRk4/obj2OHLJ3rxFPf.0","action":"GetUpdates Response", "result":"Network error (ERR_INTERNET_DISCONNECTED)", "context":Received error: Network error (ERR_INTERNET_DISCONNECTED). }
{"logTime": "0621/092559", "correlationVector":"CzfGUNzicpUg1k3D7d/GdD","action":"Normal GetUpdate request", "result":"", "context":cV=CzfGUNzicpUg1k3D7d/GdD
Nudged types: Sessions
Refresh requested types: Bookmarks, Preferences, Passwords, Autofill Profiles, Autofill, Typed URLs, Extensions, Sessions, Extension settings, History Delete Directives, Device Info, User Consents, Send Tab To Self, Web Apps, Collection, Edge E Drop, Edge Hub App Usage, Edge Tab Group, Edge Wallet, Encryption Keys}
{"logTime": "0621/092559", "correlationVector":"CzfGUNzicpUg1k3D7d/GdD","action":"SyncServerConnectionManagerRequest", "result":"CONNECTION_UNAVAILABLE", "context":{"error_type":"net_error_code", "error_value":"-106"}}
{"logTime": "0621/092559", "correlationVector":"658V70CzXMaJ9Bsn3grlJf.0","action":"GetUpdates Response", "result":"Network error (ERR_INTERNET_DISCONNECTED)", "context":Received error: Network error (ERR_INTERNET_DISCONNECTED). }
{"logTime": "0621/092947", "correlationVector":"5rJEVqV/ifJqNQHwdXUiWI","action":"Normal GetUpdate request", "result":"", "context":cV=5rJEVqV/ifJqNQHwdXUiWI
Nudged types: Sessions
Refresh requested types: Bookmarks, Preferences, Passwords, Autofill Profiles, Autofill, Typed URLs, Extensions, Sessions, Extension settings, History Delete Directives, Device Info, User Consents, Send Tab To Self, Web Apps, Collection, Edge E Drop, Edge Hub App Usage, Edge Tab Group, Edge Wallet, Encryption Keys}
{"logTime": "0621/092947", "correlationVector":"5rJEVqV/ifJqNQHwdXUiWI","action":"SyncServerConnectionManagerRequest", "result":"CONNECTION_UNAVAILABLE", "context":{"error_type":"net_error_code", "error_value":"-106"}}
{"logTime": "0621/092947", "correlationVector":"EqzchPahYAW/lRJYsKJgVu.0","action":"GetUpdates Response", "result":"Network error (ERR_INTERNET_DISCONNECTED)", "context":Received error: Network error (ERR_INTERNET_DISCONNECTED). }
{"logTime": "0621/093529", "correlationVector":"TVqGmKghAER3pYmYqknHlZ","action":"Normal GetUpdate request", "result":"", "context":cV=TVqGmKghAER3pYmYqknHlZ
Nudged types: Sessions
Refresh requested types: Bookmarks, Preferences, Passwords, Autofill Profiles, Autofill, Typed URLs, Extensions, Sessions, Extension settings, History Delete Directives, Device Info, User Consents, Send Tab To Self, Web Apps, Collection, Edge E Drop, Edge Hub App Usage, Edge Tab Group, Edge Wallet, Encryption Keys}
{"logTime": "0621/093529", "correlationVector":"TVqGmKghAER3pYmYqknHlZ","action":"SyncServerConnectionManagerRequest", "result":"CONNECTION_UNAVAILABLE", "context":{"error_type":"net_error_code", "error_value":"-106"}}
{"logTime": "0621/093529", "correlationVector":"xW5bubAYrQRYsREqbZG4VW.0","action":"GetUpdates Response", "result":"Network error (ERR_INTERNET_DISCONNECTED)", "context":Received error: Network error (ERR_INTERNET_DISCONNECTED). }
{"logTime": "0621/093545", "correlationVector":"NNBtTssa0/aCe4+d5Bsgyd","action":"Normal GetUpdate request", "result":"", "context":cV=NNBtTssa0/aCe4+d5Bsgyd
Nudged types: Sessions
Refresh requested types: Bookmarks, Preferences, Passwords, Autofill Profiles, Autofill, Typed URLs, Extensions, Sessions, Extension settings, History Delete Directives, Device Info, User Consents, Send Tab To Self, Web Apps, Collection, Edge E Drop, Edge Hub App Usage, Edge Tab Group, Edge Wallet, Encryption Keys}
{"logTime": "0621/093549", "correlationVector":"NNBtTssa0/aCe4+d5Bsgyd.1","action":"SyncServerConnectionManagerRequest", "result":"SYNC_SERVER_OK", "context":{"environment":"Prod_WestEurope_x00e", "migrationStage":"NotStarted", "server":"GENERAL0200002C"}}
{"logTime": "0621/093550", "correlationVector":"NNBtTssa0/aCe4+d5Bsgyd.2","action":"GetUpdates Response", "result":"Success", "context":Received 1 update(s). cV=NNBtTssa0/aCe4+d5Bsgyd.0;server=GENERAL0200002C;cloudType=Multitenant;environment=Prod_WestEurope_x00e;migrationStage=NotStarted}
{"logTime": "0621/093550", "correlationVector":"64Xa/LYcTNb3zjF1SDr/0b","action":"Commit Request", "result":"", "context":Item count: 1
Contributing types: Sessions}
{"logTime": "0621/093550", "correlationVector":"64Xa/LYcTNb3zjF1SDr/0b.1","action":"SyncServerConnectionManagerRequest", "result":"SYNC_SERVER_OK", "context":{"environment":"Prod_NorthEurope_000h", "migrationStage":"NotStarted", "server":"GENERAL01000006"}}
{"logTime": "0621/093551", "correlationVector":"64Xa/LYcTNb3zjF1SDr/0b.2","action":"Commit Response", "result":"Success", "context":Result: Success. cV=64Xa/LYcTNb3zjF1SDr/0b.0;server=GENERAL01000006;cloudType=Multitenant;environment=Prod_NorthEurope_000h;migrationStage=NotStarted}
{"logTime": "0621/093551", "correlationVector":"0ViIGA+KiVgKO4n605/CWZ","action":"Normal GetUpdate request", "result":"", "context":cV=0ViIGA+KiVgKO4n605/CWZ
Nudged types: Sessions
Refresh requested types: Bookmarks, Preferences, Passwords, Autofill Profiles, Autofill, Typed URLs, Extensions, Sessions, Extension settings, History Delete Directives, Device Info, User Consents, Send Tab To Self, Web Apps, Collection, Edge E Drop, Edge Hub App Usage, Edge Tab Group, Edge Wallet, Encryption Keys}
{"logTime": "0621/093551", "correlationVector":"0ViIGA+KiVgKO4n605/CWZ.1","action":"SyncServerConnectionManagerRequest", "result":"SYNC_SERVER_OK", "context":{"environment":"Prod_NorthEurope_000h", "migrationStage":"NotStarted", "server":"GENERAL0100002P"}}
{"logTime": "0621/093551", "correlationVector":"0ViIGA+KiVgKO4n605/CWZ.2","action":"GetUpdates Response", "result":"Success", "context":Received 1 update(s). cV=0ViIGA+KiVgKO4n605/CWZ.0;server=GENERAL0100002P;cloudType=Multitenant;environment=Prod_NorthEurope_000h;migrationStage=NotStarted}
{"logTime": "0621/093706", "correlationVector":"gDH5n5dGbgsK9a2TamXKpd","action":"Commit Request", "result":"", "context":Item count: 1
Contributing types: Preferences}
{"logTime": "0621/093706", "correlationVector":"gDH5n5dGbgsK9a2TamXKpd.1","action":"SyncServerConnectionManagerRequest", "result":"SYNC_SERVER_OK", "context":{"environment":"Prod_WestEurope_x00e", "migrationStage":"NotStarted", "server":"GENERAL0100001E"}}
{"logTime": "0621/093706", "correlationVector":"gDH5n5dGbgsK9a2TamXKpd.2","action":"Commit Response", "result":"Success", "context":Result: Success. cV=gDH5n5dGbgsK9a2TamXKpd.0;server=GENERAL0100001E;cloudType=Multitenant;environment=Prod_WestEurope_x00e;migrationStage=NotStarted}
{"logTime": "0621/093848", "correlationVector":"YqGW9IgyxbtPOw5xcRfpd9","action":"Commit Request", "result":"", "context":Item count: 1
Contributing types: Sessions}
{"logTime": "0621/093849", "correlationVector":"YqGW9IgyxbtPOw5xcRfpd9.1","action":"SyncServerConnectionManagerRequest", "result":"SYNC_SERVER_OK", "context":{"environment":"Prod_WestEurope_x00e", "migrationStage":"NotStarted", "server":"GENERAL0100001P"}}
{"logTime": "0621/093849", "correlationVector":"YqGW9IgyxbtPOw5xcRfpd9.2","action":"Commit Response", "result":"Success", "context":Result: Success. cV=YqGW9IgyxbtPOw5xcRfpd9.0;server=GENERAL0100001P;cloudType=Multitenant;environment=Prod_WestEurope_x00e;migrationStage=NotStarted}
{"logTime": "0621/094036", "correlationVector":"O+Y2QL6mKKuZmkd7Any1uO","action":"Commit Request", "result":"", "context":Item count: 1
Contributing types: Sessions}
{"logTime": "0621/094036", "correlationVector":"O+Y2QL6mKKuZmkd7Any1uO.1","action":"SyncServerConnectionManagerRequest", "result":"SYNC_SERVER_OK", "context":{"environment":"Prod_NorthEurope_000h", "migrationStage":"NotStarted", "server":"general01000002"}}
{"logTime": "0621/094036", "correlationVector":"O+Y2QL6mKKuZmkd7Any1uO.2","action":"Commit Response", "result":"Success", "context":Result: Success. cV=O+Y2QL6mKKuZmkd7Any1uO.0;server=general01000002;cloudType=Multitenant;environment=Prod_NorthEurope_000h;migrationStage=NotStarted}
{"logTime": "0621/094050", "correlationVector":"7S5gGnqqIA4GhJH5IK4jyy","action":"Normal GetUpdate request", "result":"", "context":cV=7S5gGnqqIA4GhJH5IK4jyy
Nudged types: Sessions
Refresh requested types: Bookmarks, Preferences, Passwords, Autofill Profiles, Autofill, Typed URLs, Extensions, Sessions, Extension settings, History Delete Directives, Device Info, User Consents, Send Tab To Self, Web Apps, Collection, Edge E Drop, Edge Hub App Usage, Edge Tab Group, Edge Wallet, Encryption Keys}
{"logTime": "0621/094051", "correlationVector":"7S5gGnqqIA4GhJH5IK4jyy.1","action":"SyncServerConnectionManagerRequest", "result":"SYNC_SERVER_OK", "context":{"environment":"Prod_WestEurope_x00e", "migrationStage":"NotStarted", "server":"GENERAL0100001O"}}
{"logTime": "0621/094051", "correlationVector":"7S5gGnqqIA4GhJH5IK4jyy.2","action":"GetUpdates Response", "result":"Success", "context":Received 2 update(s). cV=7S5gGnqqIA4GhJH5IK4jyy.0;server=GENERAL0100001O;cloudType=Multitenant;environment=Prod_WestEurope_x00e;migrationStage=NotStarted}
{"logTime": "0621/094051", "correlationVector":"uj+bKFDo/L1alYf9VvY+Fu","action":"Commit Request", "result":"", "context":Item count: 1
Contributing types: Sessions}
{"logTime": "0621/094051", "correlationVector":"uj+bKFDo/L1alYf9VvY+Fu.1","action":"SyncServerConnectionManagerRequest", "result":"SYNC_SERVER_OK", "context":{"environment":"Prod_WestEurope_000l", "migrationStage":"NotStarted", "server":"GENERAL01000006"}}
{"logTime": "0621/094051", "correlationVector":"uj+bKFDo/L1alYf9VvY+Fu.2","action":"Commit Response", "result":"Success", "context":Result: Success. cV=uj+bKFDo/L1alYf9VvY+Fu.0;server=GENERAL01000006;cloudType=Multitenant;environment=Prod_WestEurope_000l;migrationStage=NotStarted}
{"logTime": "0621/094121", "correlationVector":"96EPzW9UCDuB8VTKL7vWzc","action":"Commit Request", "result":"", "context":Item count: 1
Contributing types: Sessions}
{"logTime": "0621/094122", "correlationVector":"96EPzW9UCDuB8VTKL7vWzc.1","action":"SyncServerConnectionManagerRequest", "result":"SYNC_SERVER_OK", "context":{"environment":"Prod_NorthEurope_000h", "migrationStage":"NotStarted", "server":"GENERAL0100000D"}}
{"logTime": "0621/094122", "correlationVector":"96EPzW9UCDuB8VTKL7vWzc.2","action":"Commit Response", "result":"Success", "context":Result: Success. cV=96EPzW9UCDuB8VTKL7vWzc.0;server=GENERAL0100000D;cloudType=Multitenant;environment=Prod_NorthEurope_000h;migrationStage=NotStarted}
{"logTime": "0621/094158", "correlationVector":"SZAIr7mq4dgfeCrAxiRvBe","action":"Normal GetUpdate request", "result":"", "context":cV=SZAIr7mq4dgfeCrAxiRvBe
Nudged types: Sessions}
{"logTime": "0621/094158", "correlationVector":"SZAIr7mq4dgfeCrAxiRvBe.1","action":"SyncServerConnectionManagerRequest", "result":"SYNC_SERVER_OK", "context":{"environment":"Prod_NorthEurope_000h", "migrationStage":"NotStarted", "server":"GENERAL0100000O"}}
{"logTime": "0621/094158", "correlationVector":"SZAIr7mq4dgfeCrAxiRvBe.2","action":"GetUpdates Response", "result":"Success", "context":Received 1 update(s). cV=SZAIr7mq4dgfeCrAxiRvBe.0;server=GENERAL0100000O;cloudType=Multitenant;environment=Prod_NorthEurope_000h;migrationStage=NotStarted}
{"logTime": "0621/094159", "correlationVector":"vuvqgGw1PlBDu2bqJWcV14","action":"Commit Request", "result":"", "context":Item count: 1
Contributing types: Sessions}
{"logTime": "0621/094159", "correlationVector":"vuvqgGw1PlBDu2bqJWcV14.1","action":"SyncServerConnectionManagerRequest", "result":"SYNC_SERVER_OK", "context":{"environment":"Prod_WestEurope_x00e", "migrationStage":"NotStarted", "server":"GENERAL0200000H"}}
{"logTime": "0621/094159", "correlationVector":"vuvqgGw1PlBDu2bqJWcV14.2","action":"Commit Response", "result":"Success", "context":Result: Success. cV=vuvqgGw1PlBDu2bqJWcV14.0;server=GENERAL0200000H;cloudType=Multitenant;environment=Prod_WestEurope_x00e;migrationStage=NotStarted}
{"logTime": "0621/094229", "correlationVector":"aadhF+6j77TyhLLOGdL2qs","action":"Commit Request", "result":"", "context":Item count: 1
Contributing types: Sessions}
{"logTime": "0621/094229", "correlationVector":"aadhF+6j77TyhLLOGdL2qs.1","action":"SyncServerConnectionManagerRequest", "result":"SYNC_SERVER_OK", "context":{"environment":"Prod_WestEurope_000l", "migrationStage":"NotStarted", "server":"GENERAL01000013"}}
{"logTime": "0621/094229", "correlationVector":"aadhF+6j77TyhLLOGdL2qs.2","action":"Commit Response", "result":"Success", "context":Result: Success. cV=aadhF+6j77TyhLLOGdL2qs.0;server=GENERAL01000013;cloudType=Multitenant;environment=Prod_WestEurope_000l;migrationStage=NotStarted}
{"logTime": "0621/094347", "correlationVector":"q1/O3ds2WB8oHQcjoRiklX","action":"Commit Request", "result":"", "context":Item count: 1
Contributing types: Sessions}
{"logTime": "0621/094347", "correlationVector":"q1/O3ds2WB8oHQcjoRiklX.1","action":"SyncServerConnectionManagerRequest", "result":"SYNC_SERVER_OK", "context":{"environment":"Prod_NorthEurope_000h", "migrationStage":"NotStarted", "server":"GENERAL0100001H"}}
{"logTime": "0621/094347", "correlationVector":"q1/O3ds2WB8oHQcjoRiklX.2","action":"Commit Response", "result":"Success", "context":Result: Success. cV=q1/O3ds2WB8oHQcjoRiklX.0;server=GENERAL0100001H;cloudType=Multitenant;environment=Prod_NorthEurope_000h;migrationStage=NotStarted}
{"logTime": "0621/094512", "correlationVector":"8Tp6Wm8xCxydq+dIN3u7FU","action":"Commit Request", "result":"", "context":Item count: 1
Contributing types: Sessions}
{"logTime": "0621/094512", "correlationVector":"8Tp6Wm8xCxydq+dIN3u7FU.1","action":"SyncServerConnectionManagerRequest", "result":"SYNC_SERVER_OK", "context":{"environment":"Prod_NorthEurope_000h", "migrationStage":"NotStarted", "server":"GENERAL0100000E"}}
{"logTime": "0621/094512", "correlationVector":"8Tp6Wm8xCxydq+dIN3u7FU.2","action":"Commit Response", "result":"Success", "context":Result: Success. cV=8Tp6Wm8xCxydq+dIN3u7FU.0;server=GENERAL0100000E;cloudType=Multitenant;environment=Prod_NorthEurope_000h;migrationStage=NotStarted}
{"logTime": "0621/094550", "correlationVector":"sAYq4+UA8H+ljHvzMqK7VO","action":"Normal GetUpdate request", "result":"", "context":cV=sAYq4+UA8H+ljHvzMqK7VO
Nudged types: Sessions
Refresh requested types: Bookmarks, Preferences, Passwords, Autofill Profiles, Autofill, Typed URLs, Extensions, Sessions, Extension settings, History Delete Directives, Device Info, User Consents, Send Tab To Self, Web Apps, Collection, Edge E Drop, Edge Hub App Usage, Edge Tab Group, Edge Wallet, Encryption Keys}
{"logTime": "0621/094550", "correlationVector":"sAYq4+UA8H+ljHvzMqK7VO.1","action":"SyncServerConnectionManagerRequest", "result":"SYNC_SERVER_OK", "context":{"environment":"Prod_WestEurope_000l", "migrationStage":"NotStarted", "server":"GENERAL01000002"}}
{"logTime": "0621/094550", "correlationVector":"sAYq4+UA8H+ljHvzMqK7VO.2","action":"GetUpdates Response", "result":"Success", "context":Received 1 update(s). cV=sAYq4+UA8H+ljHvzMqK7VO.0;server=GENERAL01000002;cloudType=Multitenant;environment=Prod_WestEurope_000l;migrationStage=NotStarted}
{"logTime": "0621/094550", "correlationVector":"9o+i/0dbndTyyrLNlhWBRa","action":"Commit Request", "result":"", "context":Item count: 1
Contributing types: Sessions}
{"logTime": "0621/094550", "correlationVector":"9o+i/0dbndTyyrLNlhWBRa.1","action":"SyncServerConnectionManagerRequest", "result":"SYNC_SERVER_OK", "context":{"environment":"Prod_WestEurope_x00e", "migrationStage":"NotStarted", "server":"GENERAL0200000B"}}
{"logTime": "0621/094550", "correlationVector":"9o+i/0dbndTyyrLNlhWBRa.2","action":"Commit Response", "result":"Success", "context":Result: Success. cV=9o+i/0dbndTyyrLNlhWBRa.0;server=GENERAL0200000B;cloudType=Multitenant;environment=Prod_WestEurope_x00e;migrationStage=NotStarted}
{"logTime": "0621/094620", "correlationVector":"+TlSFtq3mImdpWAf8dE9sQ","action":"Commit Request", "result":"", "context":Item count: 1
Contributing types: Sessions}
{"logTime": "0621/094621", "correlationVector":"+TlSFtq3mImdpWAf8dE9sQ.1","action":"SyncServerConnectionManagerRequest", "result":"SYNC_SERVER_OK", "context":{"environment":"Prod_NorthEurope_000h", "migrationStage":"NotStarted", "server":"GENERAL0100000N"}}
{"logTime": "0621/094621", "correlationVector":"+TlSFtq3mImdpWAf8dE9sQ.2","action":"Commit Response", "result":"Success", "context":Result: Success. cV=+TlSFtq3mImdpWAf8dE9sQ.0;server=GENERAL0100000N;cloudType=Multitenant;environment=Prod_NorthEurope_000h;migrationStage=NotStarted}
{"logTime": "0621/094651", "correlationVector":"r0ha3LTQ9E/bxCwAJErGI0","action":"Commit Request", "result":"", "context":Item count: 1
Contributing types: Sessions}
{"logTime": "0621/094651", "correlationVector":"r0ha3LTQ9E/bxCwAJErGI0.1","action":"SyncServerConnectionManagerRequest", "result":"SYNC_SERVER_OK", "context":{"environment":"Prod_WestEurope_x00e", "migrationStage":"NotStarted", "server":"GENERAL0100001E"}}
{"logTime": "0621/094651", "correlationVector":"r0ha3LTQ9E/bxCwAJErGI0.2","action":"Commit Response", "result":"Success", "context":Result: Success. cV=r0ha3LTQ9E/bxCwAJErGI0.0;server=GENERAL0100001E;cloudType=Multitenant;environment=Prod_WestEurope_x00e;migrationStage=NotStarted}
{"logTime": "0621/094800", "correlationVector":"wGs5PFNwTqjYCkGHXh+zKK.1","action":"SyncServerConnectionManagerRequest", "result":"SYNC_SERVER_OK", "context":{"environment":"Prod_WestEurope_x00e", "migrationStage":"NotStarted", "server":"GENERAL0200001S"}}
{"logTime": "0621/094800", "correlationVector":"wGs5PFNwTqjYCkGHXh+zKK.2","action":"AAD.Mip.Unpack", "result":"Success", "context":MIP_CLOUD_COMMERCIAL:Success}
{"logTime": "0621/094800", "correlationVector":"wGs5PFNwTqjYCkGHXh+zKK.3","action":"AAD.GetKeyResponse", "result":"Success", "context":Keys=2.LastKeyStatus=Normal. 2024-02-28 10:21:25 Z.State=None. Tags: Current_encryption_keys_tag = 77+9ck7vv73vv70777+9X++/ve+/ve+/vUsX77+9V++/ve+/vWjvv70NOu+/vVwgyLkVae+/vTs777+9, Updated_current_encryption_keys_tag = Empty}
{"logTime": "0621/094800", "correlationVector":"wGs5PFNwTqjYCkGHXh+zKK","action":"Initial GetUpdates", "result":"", "context":Reason: NEW_CLIENT. cV=wGs5PFNwTqjYCkGHXh+zKK}
{"logTime": "0621/094800", "correlationVector":"wGs5PFNwTqjYCkGHXh+zKK.4","action":"GetUpdates Response", "result":"Success", "context":Received 1 update(s). cV=wGs5PFNwTqjYCkGHXh+zKK.0;server=GENERAL0200001S;cloudType=Multitenant;environment=Prod_WestEurope_x00e;migrationStage=NotStarted}
{"logTime": "0621/094800", "correlationVector":"Nlnjk4FBGkOuVRZiyOxQe/","action":"Initial GetUpdates", "result":"", "context":Reason: NEWLY_SUPPORTED_DATATYPE. cV=Nlnjk4FBGkOuVRZiyOxQe/}
{"logTime": "0621/094800", "correlationVector":"Nlnjk4FBGkOuVRZiyOxQe/.1","action":"SyncServerConnectionManagerRequest", "result":"SYNC_SERVER_OK", "context":{"environment":"Prod_WestEurope_x00e", "migrationStage":"NotStarted", "server":"GENERAL0100000S"}}
{"logTime": "0621/094800", "correlationVector":"Nlnjk4FBGkOuVRZiyOxQe/.2","action":"GetUpdates", "result":"DeleteReceived", "context":{"id":"06dd0a45-5a84-479f-b23f-d62e278e0631", "isDeleted:":"true", "version":"1695216502996"}}
{"logTime": "0621/094800", "correlationVector":"Nlnjk4FBGkOuVRZiyOxQe/.3","action":"GetUpdates Response", "result":"Success", "context":Received 5 update(s). cV=Nlnjk4FBGkOuVRZiyOxQe/.0;server=GENERAL0100000S;cloudType=Multitenant;environment=Prod_WestEurope_x00e;migrationStage=NotStarted}
{"logTime": "0621/094800", "correlationVector":"/5wU7+J6mGmxhoDIdmHaXs","action":"Normal GetUpdate request", "result":"", "context":cV=/5wU7+J6mGmxhoDIdmHaXs
Nudged types: Sessions
Refresh requested types: Bookmarks, Preferences, Passwords, Autofill Profiles, Autofill, Typed URLs, Extensions, Sessions, Extension settings, History Delete Directives, Device Info, User Consents, Send Tab To Self, Web Apps, Collection, Edge E Drop, Edge Hub App Usage, Edge Tab Group, Edge Wallet, Encryption Keys}
{"logTime": "0621/094800", "correlationVector":"/5wU7+J6mGmxhoDIdmHaXs.1","action":"SyncServerConnectionManagerRequest", "result":"SYNC_SERVER_OK", "context":{"environment":"Prod_WestEurope_x00e", "migrationStage":"NotStarted", "server":"GENERAL0200000A"}}
{"logTime": "0621/094800", "correlationVector":"/5wU7+J6mGmxhoDIdmHaXs.2","action":"GetUpdates Response", "result":"Success", "context":Received 1 update(s). cV=/5wU7+J6mGmxhoDIdmHaXs.0;server=GENERAL0200000A;cloudType=Multitenant;environment=Prod_WestEurope_x00e;migrationStage=NotStarted}
{"logTime": "0621/094800", "correlationVector":"ERqYMeeqlTestaInqWmhF7","action":"Commit Request", "result":"", "context":Item count: 3
Contributing types: Sessions}
{"logTime": "0621/094800", "correlationVector":"ERqYMeeqlTestaInqWmhF7.1","action":"SyncServerConnectionManagerRequest", "result":"SYNC_SERVER_OK", "context":{"environment":"Prod_WestEurope_x00e", "migrationStage":"NotStarted", "server":"GENERAL0200001N"}}
{"logTime": "0621/094800", "correlationVector":"ERqYMeeqlTestaInqWmhF7.3","action":"Commit.Sessions", "result":"Success", "context":{"id":"6a4694ca-0fe1-4119-b346-aa97ab1da75a", "isDeleted":"true", "size":"0", "version":"1718963211205"}}
{"logTime": "0621/094800", "correlationVector":"ERqYMeeqlTestaInqWmhF7.2","action":"Commit Response", "result":"Success", "context":Result: Success. cV=ERqYMeeqlTestaInqWmhF7.0;server=GENERAL0200001N;cloudType=Multitenant;environment=Prod_WestEurope_x00e;migrationStage=NotStarted}
{"logTime": "0621/094804", "correlationVector":"r53CLiU6/Yk5icZxWPVBI+","action":"Normal GetUpdate request", "result":"", "context":cV=r53CLiU6/Yk5icZxWPVBI+
Nudged types: Preferences, Sessions}
{"logTime": "0621/094805", "correlationVector":"r53CLiU6/Yk5icZxWPVBI+.1","action":"SyncServerConnectionManagerRequest", "result":"SYNC_SERVER_OK", "context":{"environment":"Prod_WestEurope_x00e", "migrationStage":"NotStarted", "server":"GENERAL0100000N"}}
{"logTime": "0621/094805", "correlationVector":"r53CLiU6/Yk5icZxWPVBI+.2","action":"GetUpdates", "result":"DeleteReceived", "context":{"id":"6a4694ca-0fe1-4119-b346-aa97ab1da75a", "isDeleted:":"true", "version":"1718963271331"}}
{"logTime": "0621/094805", "correlationVector":"r53CLiU6/Yk5icZxWPVBI+.3","action":"GetUpdates Response", "result":"Success", "context":Received 3 update(s). cV=r53CLiU6/Yk5icZxWPVBI+.0;server=GENERAL0100000N;cloudType=Multitenant;environment=Prod_WestEurope_x00e;migrationStage=NotStarted}
{"logTime": "0621/094805", "correlationVector":"qB14IZR/Bp+tN7MwJK7l85","action":"Commit Request", "result":"", "context":Item count: 2
Contributing types: Preferences, Sessions}
{"logTime": "0621/094806", "correlationVector":"qB14IZR/Bp+tN7MwJK7l85.1","action":"SyncServerConnectionManagerRequest", "result":"SYNC_SERVER_OK", "context":{"environment":"Prod_WestEurope_x00e", "migrationStage":"NotStarted", "server":"GENERAL01000029"}}
{"logTime": "0621/094806", "correlationVector":"qB14IZR/Bp+tN7MwJK7l85.2","action":"Commit Response", "result":"Success", "context":Result: Success. cV=qB14IZR/Bp+tN7MwJK7l85.0;server=GENERAL01000029;cloudType=Multitenant;environment=Prod_WestEurope_x00e;migrationStage=NotStarted}
{"logTime": "0621/095012", "correlationVector":"bUkFKotGMFbPoTC9TkGtMo","action":"Commit Request", "result":"", "context":Item count: 1
Contributing types: Sessions}
{"logTime": "0621/095012", "correlationVector":"bUkFKotGMFbPoTC9TkGtMo.1","action":"SyncServerConnectionManagerRequest", "result":"SYNC_SERVER_OK", "context":{"environment":"Prod_NorthEurope_000h", "migrationStage":"NotStarted", "server":"GENERAL01000015"}}
{"logTime": "0621/095012", "correlationVector":"bUkFKotGMFbPoTC9TkGtMo.2","action":"Commit Response", "result":"Success", "context":Result: Success. cV=bUkFKotGMFbPoTC9TkGtMo.0;server=GENERAL01000015;cloudType=Multitenant;environment=Prod_NorthEurope_000h;migrationStage=NotStarted}
{"logTime": "0621/095053", "correlationVector":"CNfxZWxl9DVbROZricosPu","action":"Commit Request", "result":"", "context":Item count: 1
Contributing types: Sessions}
{"logTime": "0621/095053", "correlationVector":"CNfxZWxl9DVbROZricosPu.1","action":"SyncServerConnectionManagerRequest", "result":"SYNC_SERVER_OK", "context":{"environment":"Prod_WestEurope_000l", "migrationStage":"NotStarted", "server":"GENERAL01000019"}}
{"logTime": "0621/095053", "correlationVector":"CNfxZWxl9DVbROZricosPu.2","action":"Commit Response", "result":"Success", "context":Result: Success. cV=CNfxZWxl9DVbROZricosPu.0;server=GENERAL01000019;cloudType=Multitenant;environment=Prod_WestEurope_000l;migrationStage=NotStarted}
{"logTime": "0621/095250", "correlationVector":"AVVRdOu34easFBVUQhdEhT","action":"Normal GetUpdate request", "result":"", "context":cV=AVVRdOu34easFBVUQhdEhT
Refresh requested types: Bookmarks, Preferences, Passwords, Autofill Profiles, Autofill, Typed URLs, Extensions, Sessions, Extension settings, History Delete Directives, Device Info, User Consents, Send Tab To Self, Web Apps, Collection, Edge E Drop, Edge Hub App Usage, Edge Tab Group, Edge Wallet, Encryption Keys}
{"logTime": "0621/095250", "correlationVector":"AVVRdOu34easFBVUQhdEhT.1","action":"SyncServerConnectionManagerRequest", "result":"SYNC_SERVER_OK", "context":{"environment":"Prod_NorthEurope_000h", "migrationStage":"NotStarted", "server":"GENERAL0100000S"}}
{"logTime": "0621/095250", "correlationVector":"AVVRdOu34easFBVUQhdEhT.2","action":"GetUpdates Response", "result":"Success", "context":Received 2 update(s). cV=AVVRdOu34easFBVUQhdEhT.0;server=GENERAL0100000S;cloudType=Multitenant;environment=Prod_NorthEurope_000h;migrationStage=NotStarted}
{"logTime": "0621/095519", "correlationVector":"CYtWppL/Fgyy+fDUYhQDRJ","action":"Commit Request", "result":"", "context":Item count: 1
Contributing types: Sessions}
{"logTime": "0621/095520", "correlationVector":"CYtWppL/Fgyy+fDUYhQDRJ.1","action":"SyncServerConnectionManagerRequest", "result":"SYNC_SERVER_OK", "context":{"environment":"Prod_WestEurope_x00e", "migrationStage":"NotStarted", "server":"GENERAL0200002T"}}
{"logTime": "0621/095520", "correlationVector":"CYtWppL/Fgyy+fDUYhQDRJ.2","action":"Commit Response", "result":"Success", "context":Result: Success. cV=CYtWppL/Fgyy+fDUYhQDRJ.0;server=GENERAL0200002T;cloudType=Multitenant;environment=Prod_WestEurope_x00e;migrationStage=NotStarted}
{"logTime": "0621/095655", "correlationVector":"xuN5BbU1ffwBAinU400WXY","action":"Commit Request", "result":"", "context":Item count: 1
Contributing types: Sessions}
{"logTime": "0621/095655", "correlationVector":"xuN5BbU1ffwBAinU400WXY.1","action":"SyncServerConnectionManagerRequest", "result":"SYNC_SERVER_OK", "context":{"environment":"Prod_WestEurope_x00e", "migrationStage":"NotStarted", "server":"GENERAL0100000D"}}
{"logTime": "0621/095655", "correlationVector":"xuN5BbU1ffwBAinU400WXY.2","action":"Commit Response", "result":"Success", "context":Result: Success. cV=xuN5BbU1ffwBAinU400WXY.0;server=GENERAL0100000D;cloudType=Multitenant;environment=Prod_WestEurope_x00e;migrationStage=NotStarted}
{"logTime": "0621/095954", "correlationVector":"7so1oJxyFNdJmxj3aGaQs5","action":"Commit Request", "result":"", "context":Item count: 1
Contributing types: Sessions}
{"logTime": "0621/095954", "correlationVector":"7so1oJxyFNdJmxj3aGaQs5.1","action":"SyncServerConnectionManagerRequest", "result":"SYNC_SERVER_OK", "context":{"environment":"Prod_WestEurope_000l", "migrationStage":"NotStarted", "server":"GENERAL01000014"}}
{"logTime": "0621/095954", "correlationVector":"7so1oJxyFNdJmxj3aGaQs5.2","action":"Commit Response", "result":"Success", "context":Result: Success. cV=7so1oJxyFNdJmxj3aGaQs5.0;server=GENERAL01000014;cloudType=Multitenant;environment=Prod_WestEurope_000l;migrationStage=NotStarted}
{"logTime": "0621/100024", "correlationVector":"ef53HroOJ08y5zyCRVCn6P","action":"Commit Request", "result":"", "context":Item count: 1
Contributing types: Sessions}
{"logTime": "0621/100025", "correlationVector":"ef53HroOJ08y5zyCRVCn6P.1","action":"SyncServerConnectionManagerRequest", "result":"SYNC_SERVER_OK", "context":{"environment":"Prod_WestEurope_x00e", "migrationStage":"NotStarted", "server":"GENERAL0100001E"}}
{"logTime": "0621/100025", "correlationVector":"ef53HroOJ08y5zyCRVCn6P.2","action":"Commit Response", "result":"Success", "context":Result: Success. cV=ef53HroOJ08y5zyCRVCn6P.0;server=GENERAL0100001E;cloudType=Multitenant;environment=Prod_WestEurope_x00e;migrationStage=NotStarted}
{"logTime": "0621/100148", "correlationVector":"DBHRPp8knmB2qb51zsl63l","action":"Normal GetUpdate request", "result":"", "context":cV=DBHRPp8knmB2qb51zsl63l
Refresh requested types: Bookmarks, Preferences, Passwords, Autofill Profiles, Autofill, Typed URLs, Extensions, Sessions, Extension settings, History Delete Directives, Device Info, User Consents, Send Tab To Self, Web Apps, Collection, Edge E Drop, Edge Hub App Usage, Edge Tab Group, Edge Wallet, Encryption Keys}
{"logTime": "0621/100148", "correlationVector":"DBHRPp8knmB2qb51zsl63l.1","action":"SyncServerConnectionManagerRequest", "result":"SYNC_SERVER_OK", "context":{"environment":"Prod_WestEurope_000l", "migrationStage":"NotStarted", "server":"GENERAL01000012"}}
{"logTime": "0621/100149", "correlationVector":"DBHRPp8knmB2qb51zsl63l.2","action":"GetUpdates Response", "result":"Success", "context":Received 1 update(s). cV=DBHRPp8knmB2qb51zsl63l.0;server=GENERAL01000012;cloudType=Multitenant;environment=Prod_WestEurope_000l;migrationStage=NotStarted}
{"logTime": "0621/100325", "correlationVector":"HfTHwlWqu+n+4/AJpyfS+S","action":"Normal GetUpdate request", "result":"", "context":cV=HfTHwlWqu+n+4/AJpyfS+S
Nudged types: Sessions}
{"logTime": "0621/100325", "correlationVector":"HfTHwlWqu+n+4/AJpyfS+S.1","action":"SyncServerConnectionManagerRequest", "result":"SYNC_SERVER_OK", "context":{"environment":"Prod_WestEurope_000l", "migrationStage":"NotStarted", "server":"GENERAL0100000B"}}
{"logTime": "0621/100325", "correlationVector":"HfTHwlWqu+n+4/AJpyfS+S.2","action":"GetUpdates Response", "result":"Success", "context":Received 0 update(s). cV=HfTHwlWqu+n+4/AJpyfS+S.0;server=GENERAL0100000B;cloudType=Multitenant;environment=Prod_WestEurope_000l;migrationStage=NotStarted}
{"logTime": "0621/100325", "correlationVector":"H9HA9VDTBqTZhKPOWQ/ciZ","action":"Commit Request", "result":"", "context":Item count: 1
Contributing types: Sessions}
{"logTime": "0621/100325", "correlationVector":"H9HA9VDTBqTZhKPOWQ/ciZ.1","action":"SyncServerConnectionManagerRequest", "result":"SYNC_SERVER_OK", "context":{"environment":"Prod_WestEurope_x00e", "migrationStage":"NotStarted", "server":"GENERAL01000011"}}
{"logTime": "0621/100325", "correlationVector":"H9HA9VDTBqTZhKPOWQ/ciZ.2","action":"Commit Response", "result":"Success", "context":Result: Success. cV=H9HA9VDTBqTZhKPOWQ/ciZ.0;server=GENERAL01000011;cloudType=Multitenant;environment=Prod_WestEurope_x00e;migrationStage=NotStarted}
{"logTime": "0621/100648", "correlationVector":"GgQID9gRX3c9rCBYuU543y","action":"Normal GetUpdate request", "result":"", "context":cV=GgQID9gRX3c9rCBYuU543y
Refresh requested types: Bookmarks, Preferences, Passwords, Autofill Profiles, Autofill, Typed URLs, Extensions, Sessions, Extension settings, History Delete Directives, Device Info, User Consents, Send Tab To Self, Web Apps, Collection, Edge E Drop, Edge Hub App Usage, Edge Tab Group, Edge Wallet, Encryption Keys}
{"logTime": "0621/100648", "correlationVector":"GgQID9gRX3c9rCBYuU543y.1","action":"SyncServerConnectionManagerRequest", "result":"SYNC_SERVER_OK", "context":{"environment":"Prod_NorthEurope_000h", "migrationStage":"NotStarted", "server":"GENERAL0100000H"}}
{"logTime": "0621/100648", "correlationVector":"GgQID9gRX3c9rCBYuU543y.2","action":"GetUpdates Response", "result":"Success", "context":Received 1 update(s). cV=GgQID9gRX3c9rCBYuU543y.0;server=GENERAL0100000H;cloudType=Multitenant;environment=Prod_NorthEurope_000h;migrationStage=NotStarted}
{"logTime": "0621/100814", "correlationVector":"JK9/D4XDX4i7PsId1Uh4+C","action":"Commit Request", "result":"", "context":Item count: 1
Contributing types: Sessions}
{"logTime": "0621/100815", "correlationVector":"JK9/D4XDX4i7PsId1Uh4+C.1","action":"SyncServerConnectionManagerRequest", "result":"SYNC_SERVER_OK", "context":{"environment":"Prod_WestEurope_x00e", "migrationStage":"NotStarted", "server":"GENERAL0200002M"}}
{"logTime": "0621/100815", "correlationVector":"JK9/D4XDX4i7PsId1Uh4+C.2","action":"Commit Response", "result":"Success", "context":Result: Success. cV=JK9/D4XDX4i7PsId1Uh4+C.0;server=GENERAL0200002M;cloudType=Multitenant;environment=Prod_WestEurope_x00e;migrationStage=NotStarted}
{"logTime": "0621/101433", "correlationVector":"lz+kmX+G2OFr1fS+0CD2xn","action":"Normal GetUpdate request", "result":"", "context":cV=lz+kmX+G2OFr1fS+0CD2xn
Refresh requested types: Bookmarks, Preferences, Passwords, Autofill Profiles, Autofill, Typed URLs, Extensions, Sessions, Extension settings, History Delete Directives, Device Info, User Consents, Send Tab To Self, Web Apps, Collection, Edge E Drop, Edge Hub App Usage, Edge Tab Group, Edge Wallet, Encryption Keys}
{"logTime": "0621/101433", "correlationVector":"lz+kmX+G2OFr1fS+0CD2xn.1","action":"SyncServerConnectionManagerRequest", "result":"SYNC_SERVER_OK", "context":{"environment":"Prod_WestEurope_000l", "migrationStage":"NotStarted", "server":"GENERAL0100001Z"}}
{"logTime": "0621/101433", "correlationVector":"lz+kmX+G2OFr1fS+0CD2xn.2","action":"GetUpdates Response", "result":"Success", "context":Received 1 update(s). cV=lz+kmX+G2OFr1fS+0CD2xn.0;server=GENERAL0100001Z;cloudType=Multitenant;environment=Prod_WestEurope_000l;migrationStage=NotStarted}
{"logTime": "0621/102434", "correlationVector":"8al/DpED9nB5hK/KBk6wBl","action":"Normal GetUpdate request", "result":"", "context":cV=8al/DpED9nB5hK/KBk6wBl
Refresh requested types: Bookmarks, Preferences, Passwords, Autofill Profiles, Autofill, Typed URLs, Extensions, Sessions, Extension settings, History Delete Directives, Device Info, User Consents, Send Tab To Self, Web Apps, Collection, Edge E Drop, Edge Hub App Usage, Edge Tab Group, Edge Wallet, Encryption Keys}
{"logTime": "0621/102434", "correlationVector":"8al/DpED9nB5hK/KBk6wBl.1","action":"SyncServerConnectionManagerRequest", "result":"SYNC_AUTH_ERROR", "context":{"environment":"Prod_WestEurope_000l", "migrationStage":"NotStarted", "server":"GENERAL0100000J"}}
{"logTime": "0621/102434", "correlationVector":"8al/DpED9nB5hK/KBk6wBl.2","action":"GetUpdates Response", "result":"HTTP error (401)", "context":Received error: HTTP error (401). cV=8al/DpED9nB5hK/KBk6wBl.0;server=GENERAL0100000J;cloudType=Undetermined;environment=Prod_WestEurope_000l;migrationStage=NotStarted}
{"logTime": "0621/102436", "correlationVector":"7EroIF92UNpOfOdTPsnw8z","action":"Normal GetUpdate request", "result":"", "context":cV=7EroIF92UNpOfOdTPsnw8z
Refresh requested types: Bookmarks, Preferences, Passwords, Autofill Profiles, Autofill, Typed URLs, Extensions, Sessions, Extension settings, History Delete Directives, Device Info, User Consents, Send Tab To Self, Web Apps, Collection, Edge E Drop, Edge Hub App Usage, Edge Tab Group, Edge Wallet, Encryption Keys}
{"logTime": "0621/102436", "correlationVector":"7EroIF92UNpOfOdTPsnw8z.1","action":"SyncServerConnectionManagerRequest", "result":"SYNC_SERVER_OK", "context":{"environment":"Prod_WestEurope_x00e", "migrationStage":"NotStarted", "server":"GENERAL0200002C"}}
{"logTime": "0621/102436", "correlationVector":"7EroIF92UNpOfOdTPsnw8z.2","action":"GetUpdates Response", "result":"Success", "context":Received 0 update(s). cV=7EroIF92UNpOfOdTPsnw8z.0;server=GENERAL0200002C;cloudType=Multitenant;environment=Prod_WestEurope_x00e;migrationStage=NotStarted}
{"logTime": "0621/102603", "correlationVector":"0uvEC16pqCLirHeQOgaYqr","action":"Normal GetUpdate request", "result":"", "context":cV=0uvEC16pqCLirHeQOgaYqr
Nudged types: Autofill, Sessions}
{"logTime": "0621/102604", "correlationVector":"0uvEC16pqCLirHeQOgaYqr.1","action":"SyncServerConnectionManagerRequest", "result":"SYNC_SERVER_OK", "context":{"environment":"Prod_NorthEurope_000h", "migrationStage":"NotStarted", "server":"GENERAL0100000O"}}
{"logTime": "0621/102604", "correlationVector":"0uvEC16pqCLirHeQOgaYqr.2","action":"GetUpdates Response", "result":"Success", "context":Received 0 update(s). cV=0uvEC16pqCLirHeQOgaYqr.0;server=GENERAL0100000O;cloudType=Multitenant;environment=Prod_NorthEurope_000h;migrationStage=NotStarted}
{"logTime": "0621/102604", "correlationVector":"ZT0xfv2pca9sxXS/H/KlWl","action":"Commit Request", "result":"", "context":Item count: 2
Contributing types: Autofill, Sessions}
{"logTime": "0621/102604", "correlationVector":"ZT0xfv2pca9sxXS/H/KlWl.1","action":"SyncServerConnectionManagerRequest", "result":"SYNC_SERVER_OK", "context":{"environment":"Prod_NorthEurope_000h", "migrationStage":"NotStarted", "server":"GENERAL0100002J"}}
{"logTime": "0621/102604", "correlationVector":"ZT0xfv2pca9sxXS/H/KlWl.2","action":"Commit Response", "result":"Success", "context":Result: Success. cV=ZT0xfv2pca9sxXS/H/KlWl.0;server=GENERAL0100002J;cloudType=Multitenant;environment=Prod_NorthEurope_000h;migrationStage=NotStarted}
{"logTime": "0621/102606", "correlationVector":"tBlHuzHA6L+q81SkGg8uaX","action":"Commit Request", "result":"", "context":Item count: 1
Contributing types: Sessions}
{"logTime": "0621/102606", "correlationVector":"tBlHuzHA6L+q81SkGg8uaX.1","action":"SyncServerConnectionManagerRequest", "result":"SYNC_SERVER_OK", "context":{"environment":"Prod_NorthEurope_000h", "migrationStage":"NotStarted", "server":"GENERAL0100000R"}}
{"logTime": "0621/102606", "correlationVector":"tBlHuzHA6L+q81SkGg8uaX.2","action":"Commit Response", "result":"Success", "context":Result: Success. cV=tBlHuzHA6L+q81SkGg8uaX.0;server=GENERAL0100000R;cloudType=Multitenant;environment=Prod_NorthEurope_000h;migrationStage=NotStarted}
{"logTime": "0621/102934", "correlationVector":"+xxdVjAsorF6glfCGsGTXI","action":"Normal GetUpdate request", "result":"", "context":cV=+xxdVjAsorF6glfCGsGTXI
Refresh requested types: Bookmarks, Preferences, Passwords, Autofill Profiles, Autofill, Typed URLs, Extensions, Sessions, Extension settings, History Delete Directives, Device Info, User Consents, Send Tab To Self, Web Apps, Collection, Edge E Drop, Edge Hub App Usage, Edge Tab Group, Edge Wallet, Encryption Keys}
{"logTime": "0621/102934", "correlationVector":"+xxdVjAsorF6glfCGsGTXI.1","action":"SyncServerConnectionManagerRequest", "result":"SYNC_SERVER_OK", "context":{"environment":"Prod_NorthEurope_000h", "migrationStage":"NotStarted", "server":"GENERAL0100001U"}}
{"logTime": "0621/102934", "correlationVector":"+xxdVjAsorF6glfCGsGTXI.2","action":"GetUpdates Response", "result":"Success", "context":Received 2 update(s). cV=+xxdVjAsorF6glfCGsGTXI.0;server=GENERAL0100001U;cloudType=Multitenant;environment=Prod_NorthEurope_000h;migrationStage=NotStarted}
{"logTime": "0621/104422", "correlationVector":"9hfZe3Pq68BlKHeQAQCIwi","action":"Commit Request", "result":"", "context":Item count: 1
Contributing types: Sessions}
{"logTime": "0621/104422", "correlationVector":"9hfZe3Pq68BlKHeQAQCIwi.1","action":"SyncServerConnectionManagerRequest", "result":"SYNC_SERVER_OK", "context":{"environment":"Prod_NorthEurope_000h", "migrationStage":"NotStarted", "server":"GENERAL01000008"}}
{"logTime": "0621/104422", "correlationVector":"9hfZe3Pq68BlKHeQAQCIwi.2","action":"Commit Response", "result":"Success", "context":Result: Success. cV=9hfZe3Pq68BlKHeQAQCIwi.0;server=GENERAL01000008;cloudType=Multitenant;environment=Prod_NorthEurope_000h;migrationStage=NotStarted}
{"logTime": "0621/104601", "correlationVector":"tAP9m9s6E1iTmUyXNwOzD0","action":"Normal GetUpdate request", "result":"", "context":cV=tAP9m9s6E1iTmUyXNwOzD0
Refresh requested types: Bookmarks, Preferences, Passwords, Autofill Profiles, Autofill, Typed URLs, Extensions, Sessions, Extension settings, History Delete Directives, Device Info, User Consents, Send Tab To Self, Web Apps, Collection, Edge E Drop, Edge Hub App Usage, Edge Tab Group, Edge Wallet, Encryption Keys}
{"logTime": "0621/104601", "correlationVector":"tAP9m9s6E1iTmUyXNwOzD0.1","action":"SyncServerConnectionManagerRequest", "result":"SYNC_SERVER_OK", "context":{"environment":"Prod_NorthEurope_x00f", "migrationStage":"NotStarted", "server":"GENERAL01000023"}}
{"logTime": "0621/104602", "correlationVector":"tAP9m9s6E1iTmUyXNwOzD0.2","action":"GetUpdates Response", "result":"Success", "context":Received 1 update(s). cV=tAP9m9s6E1iTmUyXNwOzD0.0;server=GENERAL01000023;cloudType=Multitenant;environment=Prod_NorthEurope_x00f;migrationStage=NotStarted}
{"logTime": "0621/105101", "correlationVector":"4Bm/XUZC1bYbx8qtjlZKKB","action":"Normal GetUpdate request", "result":"", "context":cV=4Bm/XUZC1bYbx8qtjlZKKB
Refresh requested types: Bookmarks, Preferences, Passwords, Autofill Profiles, Autofill, Typed URLs, Extensions, Sessions, Extension settings, History Delete Directives, Device Info, User Consents, Send Tab To Self, Web Apps, Collection, Edge E Drop, Edge Hub App Usage, Edge Tab Group, Edge Wallet, Encryption Keys}
{"logTime": "0621/105101", "correlationVector":"4Bm/XUZC1bYbx8qtjlZKKB.1","action":"SyncServerConnectionManagerRequest", "result":"SYNC_SERVER_OK", "context":{"environment":"Prod_WestEurope_000l", "migrationStage":"NotStarted", "server":"GENERAL01000025"}}
{"logTime": "0621/105101", "correlationVector":"4Bm/XUZC1bYbx8qtjlZKKB.2","action":"GetUpdates Response", "result":"Success", "context":Received 0 update(s). cV=4Bm/XUZC1bYbx8qtjlZKKB.0;server=GENERAL01000025;cloudType=Multitenant;environment=Prod_WestEurope_000l;migrationStage=NotStarted}
{"logTime": "0621/105631", "correlationVector":"9jUa2kAv5p2FLK8NFQALXj.1","action":"SyncServerConnectionManagerRequest", "result":"SYNC_SERVER_OK", "context":{"environment":"Prod_WestEurope_x00e", "migrationStage":"NotStarted", "server":"GENERAL0200001Q"}}
{"logTime": "0621/105647", "correlationVector":"9jUa2kAv5p2FLK8NFQALXj.2","action":"AAD.Mip.Unpack", "result":"Success", "context":MIP_CLOUD_COMMERCIAL:Success}
{"logTime": "0621/105647", "correlationVector":"9jUa2kAv5p2FLK8NFQALXj.3","action":"AAD.GetKeyResponse", "result":"Success", "context":Keys=2.LastKeyStatus=Normal. 2024-02-28 10:21:25 Z.State=None. Tags: Current_encryption_keys_tag = 77+9ck7vv73vv70777+9X++/ve+/ve+/vUsX77+9V++/ve+/vWjvv70NOu+/vVwgyLkVae+/vTs777+9, Updated_current_encryption_keys_tag = Empty}
{"logTime": "0621/105647", "correlationVector":"9jUa2kAv5p2FLK8NFQALXj","action":"Initial GetUpdates", "result":"", "context":Reason: NEW_CLIENT. cV=9jUa2kAv5p2FLK8NFQALXj}
{"logTime": "0621/105647", "correlationVector":"9jUa2kAv5p2FLK8NFQALXj.4","action":"GetUpdates Response", "result":"Success", "context":Received 1 update(s). cV=9jUa2kAv5p2FLK8NFQALXj.0;server=GENERAL0200001Q;cloudType=Multitenant;environment=Prod_WestEurope_x00e;migrationStage=NotStarted}
{"logTime": "0621/105647", "correlationVector":"54lABeuNuBvUCRqq9yJ7QA","action":"Initial GetUpdates", "result":"", "context":Reason: NEWLY_SUPPORTED_DATATYPE. cV=54lABeuNuBvUCRqq9yJ7QA}
{"logTime": "0621/105647", "correlationVector":"54lABeuNuBvUCRqq9yJ7QA.1","action":"SyncServerConnectionManagerRequest", "result":"SYNC_SERVER_OK", "context":{"environment":"Prod_WestEurope_000l", "migrationStage":"NotStarted", "server":"GENERAL0100001C"}}
{"logTime": "0621/105647", "correlationVector":"54lABeuNuBvUCRqq9yJ7QA.2","action":"GetUpdates", "result":"DeleteReceived", "context":{"id":"06dd0a45-5a84-479f-b23f-d62e278e0631", "isDeleted:":"true", "version":"1695216502996"}}
{"logTime": "0621/105647", "correlationVector":"54lABeuNuBvUCRqq9yJ7QA.3","action":"GetUpdates Response", "result":"Success", "context":Received 5 update(s). cV=54lABeuNuBvUCRqq9yJ7QA.0;server=GENERAL0100001C;cloudType=Multitenant;environment=Prod_WestEurope_000l;migrationStage=NotStarted}
{"logTime": "0621/105647", "correlationVector":"lZummkcTWgtPSTLGjCtJWu","action":"Normal GetUpdate request", "result":"", "context":cV=lZummkcTWgtPSTLGjCtJWu
Nudged types: Preferences, Sessions
Refresh requested types: Bookmarks, Preferences, Passwords, Autofill Profiles, Autofill, Typed URLs, Extensions, Sessions, Extension settings, History Delete Directives, Device Info, User Consents, Send Tab To Self, Web Apps, Collection, Edge E Drop, Edge Hub App Usage, Edge Tab Group, Edge Wallet, Encryption Keys}
{"logTime": "0621/105648", "correlationVector":"lZummkcTWgtPSTLGjCtJWu.1","action":"SyncServerConnectionManagerRequest", "result":"SYNC_SERVER_OK", "context":{"environment":"Prod_WestEurope_x00e", "migrationStage":"NotStarted", "server":"GENERAL0100000D"}}
{"logTime": "0621/105648", "correlationVector":"lZummkcTWgtPSTLGjCtJWu.2","action":"GetUpdates Response", "result":"Success", "context":Received 0 update(s). cV=lZummkcTWgtPSTLGjCtJWu.0;server=GENERAL0100000D;cloudType=Multitenant;environment=Prod_WestEurope_x00e;migrationStage=NotStarted}
{"logTime": "0621/105648", "correlationVector":"DxH6rObyjDgPC5oinaQo84","action":"Commit Request", "result":"", "context":Item count: 4
Contributing types: Preferences, Sessions}
{"logTime": "0621/105648", "correlationVector":"DxH6rObyjDgPC5oinaQo84.1","action":"SyncServerConnectionManagerRequest", "result":"SYNC_SERVER_OK", "context":{"environment":"Prod_WestEurope_000l", "migrationStage":"NotStarted", "server":"GENERAL0100000P"}}
{"logTime": "0621/105648", "correlationVector":"DxH6rObyjDgPC5oinaQo84.2","action":"Commit Response", "result":"Success", "context":Result: Success. cV=DxH6rObyjDgPC5oinaQo84.0;server=GENERAL0100000P;cloudType=Multitenant;environment=Prod_WestEurope_000l;migrationStage=NotStarted}
{"logTime": "0621/105650", "correlationVector":"QWlEk4CubSdweCH4sGL7ro","action":"Normal GetUpdate request", "result":"", "context":cV=QWlEk4CubSdweCH4sGL7ro
Nudged types: Preferences, Sessions}
{"logTime": "0621/105650", "correlationVector":"QWlEk4CubSdweCH4sGL7ro.1","action":"SyncServerConnectionManagerRequest", "result":"SYNC_SERVER_OK", "context":{"environment":"Prod_WestEurope_000l", "migrationStage":"NotStarted", "server":"GENERAL0100000S"}}
{"logTime": "0621/105650", "correlationVector":"QWlEk4CubSdweCH4sGL7ro.2","action":"GetUpdates Response", "result":"Success", "context":Received 4 update(s). cV=QWlEk4CubSdweCH4sGL7ro.0;server=GENERAL0100000S;cloudType=Multitenant;environment=Prod_WestEurope_000l;migrationStage=NotStarted}
{"logTime": "0621/105731", "correlationVector":"HX/VY1J9ZHQyjYutQSCWZg","action":"Commit Request", "result":"", "context":Item count: 2
Contributing types: Sessions}
{"logTime": "0621/105731", "correlationVector":"HX/VY1J9ZHQyjYutQSCWZg.1","action":"SyncServerConnectionManagerRequest", "result":"SYNC_SERVER_OK", "context":{"environment":"Prod_WestEurope_x00e", "migrationStage":"NotStarted", "server":"GENERAL0100001B"}}
{"logTime": "0621/105731", "correlationVector":"HX/VY1J9ZHQyjYutQSCWZg.3","action":"Commit.Sessions", "result":"Success", "context":{"id":"43bcb2c8-388c-456b-a7e9-ee77a17bd947", "isDeleted":"true", "size":"0", "version":"1718967407996"}}
{"logTime": "0621/105731", "correlationVector":"HX/VY1J9ZHQyjYutQSCWZg.2","action":"Commit Response", "result":"Success", "context":Result: Success. cV=HX/VY1J9ZHQyjYutQSCWZg.0;server=GENERAL0100001B;cloudType=Multitenant;environment=Prod_WestEurope_x00e;migrationStage=NotStarted}
{"logTime": "0621/110024", "correlationVector":"AJ7RK3iUGZkwWIb7LoMhvj","action":"Commit Request", "result":"", "context":Item count: 1
Contributing types: Sessions}
{"logTime": "0621/110026", "correlationVector":"AJ7RK3iUGZkwWIb7LoMhvj.1","action":"SyncServerConnectionManagerRequest", "result":"SYNC_SERVER_OK", "context":{"environment":"Prod_WestEurope_x00e", "migrationStage":"NotStarted", "server":"GENERAL0200002G"}}
{"logTime": "0621/110026", "correlationVector":"AJ7RK3iUGZkwWIb7LoMhvj.2","action":"Commit Response", "result":"Success", "context":Result: Success. cV=AJ7RK3iUGZkwWIb7LoMhvj.0;server=GENERAL0200002G;cloudType=Multitenant;environment=Prod_WestEurope_x00e;migrationStage=NotStarted}
{"logTime": "0621/110123", "correlationVector":"TwkZGtmkwAwCe+ecCV7zmp","action":"Normal GetUpdate request", "result":"", "context":cV=TwkZGtmkwAwCe+ecCV7zmp
Nudged types: Sessions
Refresh requested types: Bookmarks, Preferences, Passwords, Autofill Profiles, Autofill, Typed URLs, Extensions, Sessions, Extension settings, History Delete Directives, Device Info, User Consents, Send Tab To Self, Web Apps, Collection, Edge E Drop, Edge Hub App Usage, Edge Tab Group, Edge Wallet, Encryption Keys}
{"logTime": "0621/110124", "correlationVector":"TwkZGtmkwAwCe+ecCV7zmp.1","action":"SyncServerConnectionManagerRequest", "result":"SYNC_SERVER_OK", "context":{"environment":"Prod_NorthEurope_000h", "migrationStage":"NotStarted", "server":"GENERAL0100001X"}}
{"logTime": "0621/110124", "correlationVector":"TwkZGtmkwAwCe+ecCV7zmp.2","action":"GetUpdates", "result":"DeleteReceived", "context":{"id":"43bcb2c8-388c-456b-a7e9-ee77a17bd947", "isDeleted:":"true", "version":"1718967451098"}}
{"logTime": "0621/110124", "correlationVector":"TwkZGtmkwAwCe+ecCV7zmp.3","action":"GetUpdates Response", "result":"Success", "context":Received 2 update(s). cV=TwkZGtmkwAwCe+ecCV7zmp.0;server=GENERAL0100001X;cloudType=Multitenant;environment=Prod_NorthEurope_000h;migrationStage=NotStarted}
{"logTime": "0621/110125", "correlationVector":"Ej5MWvvRCj/mPk/zrmKHiz","action":"Commit Request", "result":"", "context":Item count: 2
Contributing types: Sessions}
{"logTime": "0621/110125", "correlationVector":"Ej5MWvvRCj/mPk/zrmKHiz.1","action":"SyncServerConnectionManagerRequest", "result":"SYNC_SERVER_OK", "context":{"environment":"Prod_NorthEurope_000h", "migrationStage":"NotStarted", "server":"GENERAL01000024"}}
{"logTime": "0621/110125", "correlationVector":"Ej5MWvvRCj/mPk/zrmKHiz.2","action":"Commit Response", "result":"Success", "context":Result: Success. cV=Ej5MWvvRCj/mPk/zrmKHiz.0;server=GENERAL01000024;cloudType=Multitenant;environment=Prod_NorthEurope_000h;migrationStage=NotStarted}
{"logTime": "0621/110155", "correlationVector":"pWMNKzsbpHTLtZNK7LqzEY","action":"Normal GetUpdate request", "result":"", "context":cV=pWMNKzsbpHTLtZNK7LqzEY
Nudged types: Sessions}
{"logTime": "0621/110155", "correlationVector":"pWMNKzsbpHTLtZNK7LqzEY.1","action":"SyncServerConnectionManagerRequest", "result":"SYNC_SERVER_OK", "context":{"environment":"Prod_WestEurope_x00e", "migrationStage":"NotStarted", "server":"GENERAL02000034"}}
{"logTime": "0621/110155", "correlationVector":"pWMNKzsbpHTLtZNK7LqzEY.2","action":"GetUpdates Response", "result":"Success", "context":Received 2 update(s). cV=pWMNKzsbpHTLtZNK7LqzEY.0;server=GENERAL02000034;cloudType=Multitenant;environment=Prod_WestEurope_x00e;migrationStage=NotStarted}
{"logTime": "0621/110247", "correlationVector":"5F3L5KzNwOXWRjUwOF7TPk","action":"Commit Request", "result":"", "context":Item count: 4
Contributing types: Sessions}
{"logTime": "0621/110247", "correlationVector":"5F3L5KzNwOXWRjUwOF7TPk.1","action":"SyncServerConnectionManagerRequest", "result":"SYNC_SERVER_OK", "context":{"environment":"Prod_WestEurope_x00e", "migrationStage":"NotStarted", "server":"GENERAL0100000K"}}
{"logTime": "0621/110247", "correlationVector":"5F3L5KzNwOXWRjUwOF7TPk.2","action":"Commit Response", "result":"Success", "context":Result: Success. cV=5F3L5KzNwOXWRjUwOF7TPk.0;server=GENERAL0100000K;cloudType=Multitenant;environment=Prod_WestEurope_x00e;migrationStage=NotStarted}
{"logTime": "0621/110434", "correlationVector":"VzjclngHbtH2/O9x+rikZR","action":"Commit Request", "result":"", "context":Item count: 2
Contributing types: Sessions}
{"logTime": "0621/110434", "correlationVector":"VzjclngHbtH2/O9x+rikZR.1","action":"SyncServerConnectionManagerRequest", "result":"SYNC_SERVER_OK", "context":{"environment":"Prod_WestEurope_000l", "migrationStage":"NotStarted", "server":"GENERAL0100001D"}}
{"logTime": "0621/110434", "correlationVector":"VzjclngHbtH2/O9x+rikZR.3","action":"Commit.Sessions", "result":"Success", "context":{"id":"8239ee69-6364-45df-b040-49dbdd8c98f8", "isDeleted":"true", "size":"0", "version":"1718967766981"}}
{"logTime": "0621/110434", "correlationVector":"VzjclngHbtH2/O9x+rikZR.4","action":"Commit.Sessions", "result":"Success", "context":{"id":"ba83b496-d78d-49c3-9a17-62cd92c0960e", "isDeleted":"true", "size":"0", "version":"1718967766982"}}
{"logTime": "0621/110434", "correlationVector":"VzjclngHbtH2/O9x+rikZR.2","action":"Commit Response", "result":"Success", "context":Result: Success. cV=VzjclngHbtH2/O9x+rikZR.0;server=GENERAL0100001D;cloudType=Multitenant;environment=Prod_WestEurope_000l;migrationStage=NotStarted}
